<?xml version="1.0" encoding="UTF-8"?>
<robot generator="Robot 3.1.2 (Python 3.8.1 on win32)" generated="20200122 02:21:20.175" rpa="false">
<suite id="s1" name="TestSuite1" source="C:\Users\charmaine.camilo\eclipse-workspace\RobotProject1\test\TestSuite1.robot">
<kw name="Log" library="BuiltIn" type="setup">
<doc>Logs the given message with the given level.</doc>
<arguments>
<arg>I am inside Test Suite Setup</arg>
</arguments>
<msg timestamp="20200122 02:21:20.373" level="INFO">I am inside Test Suite Setup</msg>
<status status="PASS" starttime="20200122 02:21:20.372" endtime="20200122 02:21:20.373"></status>
</kw>
<test id="s1-t1" name="MyFirstTest">
<kw name="Log" library="BuiltIn" type="setup">
<doc>Logs the given message with the given level.</doc>
<arguments>
<arg>I am inside Test Case Setup</arg>
</arguments>
<msg timestamp="20200122 02:21:20.374" level="INFO">I am inside Test Case Setup</msg>
<status status="PASS" starttime="20200122 02:21:20.373" endtime="20200122 02:21:20.374"></status>
</kw>
<kw name="Log" library="BuiltIn">
<doc>Logs the given message with the given level.</doc>
<arguments>
<arg>Hello World...</arg>
</arguments>
<msg timestamp="20200122 02:21:20.374" level="INFO">Hello World...</msg>
<status status="PASS" starttime="20200122 02:21:20.374" endtime="20200122 02:21:20.374"></status>
</kw>
<kw name="Set Tags" library="BuiltIn">
<doc>Adds given ``tags`` for the current test or all tests in a suite.</doc>
<arguments>
<arg>Regression1</arg>
</arguments>
<msg timestamp="20200122 02:21:20.375" level="INFO">Set tag 'Regression1'.</msg>
<status status="PASS" starttime="20200122 02:21:20.375" endtime="20200122 02:21:20.375"></status>
</kw>
<kw name="Remove Tags" library="BuiltIn">
<doc>Removes given ``tags`` from the current test or all tests in a suite.</doc>
<arguments>
<arg>Regression1</arg>
</arguments>
<msg timestamp="20200122 02:21:20.376" level="INFO">Removed tag 'Regression1'.</msg>
<status status="PASS" starttime="20200122 02:21:20.376" endtime="20200122 02:21:20.376"></status>
</kw>
<kw name="Log" library="BuiltIn" type="teardown">
<doc>Logs the given message with the given level.</doc>
<arguments>
<arg>Executed by %{username} on %{os}</arg>
</arguments>
<msg timestamp="20200122 02:21:20.377" level="INFO">Executed by charmaine.camilo on Windows_NT</msg>
<status status="PASS" starttime="20200122 02:21:20.377" endtime="20200122 02:21:20.377"></status>
</kw>
<tags>
<tag>Smoke</tag>
</tags>
<status status="PASS" starttime="20200122 02:21:20.373" endtime="20200122 02:21:20.377" critical="yes"></status>
</test>
<test id="s1-t2" name="MySecondTest">
<kw name="Log" library="BuiltIn" type="setup">
<doc>Logs the given message with the given level.</doc>
<arguments>
<arg>I am inside Test Case Setup</arg>
</arguments>
<msg timestamp="20200122 02:21:20.379" level="INFO">I am inside Test Case Setup</msg>
<status status="PASS" starttime="20200122 02:21:20.379" endtime="20200122 02:21:20.379"></status>
</kw>
<kw name="Log" library="BuiltIn">
<doc>Logs the given message with the given level.</doc>
<arguments>
<arg>Second Test...</arg>
</arguments>
<msg timestamp="20200122 02:21:20.379" level="INFO">Second Test...</msg>
<status status="PASS" starttime="20200122 02:21:20.379" endtime="20200122 02:21:20.380"></status>
</kw>
<kw name="Log" library="BuiltIn" type="teardown">
<doc>Logs the given message with the given level.</doc>
<arguments>
<arg>Executed by %{username} on %{os}</arg>
</arguments>
<msg timestamp="20200122 02:21:20.380" level="INFO">Executed by charmaine.camilo on Windows_NT</msg>
<status status="PASS" starttime="20200122 02:21:20.380" endtime="20200122 02:21:20.380"></status>
</kw>
<tags>
<tag>Sanity</tag>
</tags>
<status status="PASS" starttime="20200122 02:21:20.378" endtime="20200122 02:21:20.380" critical="yes"></status>
</test>
<test id="s1-t3" name="MyThirdTest">
<kw name="Log" library="BuiltIn" type="setup">
<doc>Logs the given message with the given level.</doc>
<arguments>
<arg>I am inside Test Case Setup</arg>
</arguments>
<msg timestamp="20200122 02:21:20.382" level="INFO">I am inside Test Case Setup</msg>
<status status="PASS" starttime="20200122 02:21:20.382" endtime="20200122 02:21:20.382"></status>
</kw>
<kw name="Log" library="BuiltIn">
<doc>Logs the given message with the given level.</doc>
<arguments>
<arg>Third Test...</arg>
</arguments>
<msg timestamp="20200122 02:21:20.382" level="INFO">Third Test...</msg>
<status status="PASS" starttime="20200122 02:21:20.382" endtime="20200122 02:21:20.382"></status>
</kw>
<kw name="Log" library="BuiltIn" type="teardown">
<doc>Logs the given message with the given level.</doc>
<arguments>
<arg>Executed by %{username} on %{os}</arg>
</arguments>
<msg timestamp="20200122 02:21:20.383" level="INFO">Executed by charmaine.camilo on Windows_NT</msg>
<status status="PASS" starttime="20200122 02:21:20.383" endtime="20200122 02:21:20.383"></status>
</kw>
<tags>
<tag>Sanity</tag>
</tags>
<status status="PASS" starttime="20200122 02:21:20.381" endtime="20200122 02:21:20.383" critical="yes"></status>
</test>
<kw name="Log" library="BuiltIn" type="teardown">
<doc>Logs the given message with the given level.</doc>
<arguments>
<arg>I am inside Test Suite Teardown</arg>
</arguments>
<msg timestamp="20200122 02:21:20.384" level="INFO">I am inside Test Suite Teardown</msg>
<status status="PASS" starttime="20200122 02:21:20.384" endtime="20200122 02:21:20.384"></status>
</kw>
<status status="PASS" starttime="20200122 02:21:20.178" endtime="20200122 02:21:20.384"></status>
</suite>
<statistics>
<total>
<stat pass="3" fail="0">Critical Tests</stat>
<stat pass="3" fail="0">All Tests</stat>
</total>
<tag>
<stat pass="2" fail="0">Sanity</stat>
<stat pass="1" fail="0">Smoke</stat>
</tag>
<suite>
<stat pass="3" fail="0" id="s1" name="TestSuite1">TestSuite1</stat>
</suite>
</statistics>
<errors>
</errors>
</robot>
